#
# There is insufficient memory for the Java Runtime Environment to continue.
# Native memory allocation (malloc) failed to allocate 1048576 bytes for AllocateHeap
# Possible reasons:
#   The system is out of physical RAM or swap space
#   In 32 bit mode, the process size limit was hit
# Possible solutions:
#   Reduce memory load on the system
#   Increase physical memory or swap space
#   Check if swap backing store is full
#   Use 64 bit Java on a 64 bit OS
#   Decrease Java heap size (-Xmx/-Xms)
#   Decrease number of Java threads
#   Decrease Java thread stack sizes (-Xss)
#   Set larger code cache with -XX:ReservedCodeCacheSize=
# This output file may be truncated or incomplete.
#
#  Out of Memory Error (memory/allocation.inline.hpp:61), pid=17780, tid=0x0000000000002bdc
#
# JRE version:  (8.0_121-b13) (build )
# Java VM: Java HotSpot(TM) 64-Bit Server VM (25.121-b13 mixed mode windows-amd64 compressed oops)
# Failed to write core dump. Minidumps are not enabled by default on client versions of Windows
#

---------------  T H R E A D  ---------------

Current thread (0x0000000002910800):  JavaThread "Unknown thread" [_thread_in_vm, id=11228, stack(0x0000000002810000,0x0000000002910000)]

Stack: [0x0000000002810000,0x0000000002910000]
[error occurred during error reporting (printing stack bounds), id 0xc0000005]

Native frames: (J=compiled Java code, j=interpreted, Vv=VM code, C=native code)


---------------  P R O C E S S  ---------------

Java Threads: ( => current thread )

Other Threads:

=>0x0000000002910800 (exited) JavaThread "Unknown thread" [_thread_in_vm, id=11228, stack(0x0000000002810000,0x0000000002910000)]

VM state:not at safepoint (normal execution)

VM Mutex/Monitor currently owned by a thread: None

Heap:
 PSYoungGen      total 38400K, used 665K [0x00000000d5f80000, 0x00000000d8a00000, 0x0000000100000000)
  eden space 33280K, 2% used [0x00000000d5f80000,0x00000000d6026670,0x00000000d8000000)
  from space 5120K, 0% used [0x00000000d8500000,0x00000000d8500000,0x00000000d8a00000)
  to   space 5120K, 0% used [0x00000000d8000000,0x00000000d8000000,0x00000000d8500000)
 ParOldGen       total 87552K, used 0K [0x0000000081e00000, 0x0000000087380000, 0x00000000d5f80000)
  object space 87552K, 0% used [0x0000000081e00000,0x0000000081e00000,0x0000000087380000)
 Metaspace       used 746K, capacity 4480K, committed 4480K, reserved 1056768K
  class space    used 75K, capacity 384K, committed 384K, reserved 1048576K

Card table byte_map: [0x0000000011dd0000,0x00000000121d0000] byte_map_base: 0x00000000119c1000

Marking Bits: (ParMarkBitMap*) 0x000000007069b6d0
 Begin Bits: [0x0000000012c80000, 0x0000000014c08000)
 End Bits:   [0x0000000014c08000, 0x0000000016b90000)

Polling page: 0x0000000000fe0000

CodeCache: size=245760Kb used=328Kb max_used=328Kb free=245431Kb
 bounds [0x0000000002a10000, 0x0000000002c80000, 0x0000000011a10000]
 total_blobs=58 nmethods=0 adapters=38
 compilation: enabled

Compilation events (0 events):
No events

GC Heap History (0 events):
No events

Deoptimization events (0 events):
No events

Internal exceptions (0 events):
No events

Events (10 events):
Event: 0.028 loading class java/lang/Short
Event: 0.028 loading class java/lang/Short done
Event: 0.028 loading class java/lang/Integer
Event: 0.029 loading class java/lang/Integer done
Event: 0.029 loading class java/lang/Long
Event: 0.029 loading class java/lang/Long done
Event: 0.030 loading class java/lang/NullPointerException
Event: 0.030 loading class java/lang/NullPointerException done
Event: 0.030 loading class java/lang/ArithmeticException
Event: 0.030 loading class java/lang/ArithmeticException done


Dynamic libraries:
0x00007ff741ff0000 - 0x00007ff742027000 	C:\Program Files\Java\jre1.8.0_121\bin\javaw.exe
0x00007ffb114b0000 - 0x00007ffb11681000 	C:\WINDOWS\SYSTEM32\ntdll.dll
0x00007ffb10020000 - 0x00007ffb100cb000 	C:\WINDOWS\System32\KERNEL32.DLL
0x00007ffb002b0000 - 0x00007ffb002e3000 	C:\Program Files\AVAST Software\Avast\x64\aswhooka.dll
0x00007ffb0dc50000 - 0x00007ffb0de6d000 	C:\WINDOWS\System32\KERNELBASE.dll
0x00007ffb11350000 - 0x00007ffb113f2000 	C:\WINDOWS\System32\ADVAPI32.dll
0x00007ffb10ac0000 - 0x00007ffb10b5e000 	C:\WINDOWS\System32\msvcrt.dll
0x00007ffb0eab0000 - 0x00007ffb0eb09000 	C:\WINDOWS\System32\sechost.dll
0x00007ffb10930000 - 0x00007ffb10a51000 	C:\WINDOWS\System32\RPCRT4.dll
0x00007ffb11160000 - 0x00007ffb112c5000 	C:\WINDOWS\System32\USER32.dll
0x00007ffb0de70000 - 0x00007ffb0de8e000 	C:\WINDOWS\System32\win32u.dll
0x00007ffb0ea60000 - 0x00007ffb0ea94000 	C:\WINDOWS\System32\GDI32.dll
0x00007ffb0da00000 - 0x00007ffb0db82000 	C:\WINDOWS\System32\gdi32full.dll
0x00007ffb08c60000 - 0x00007ffb08eda000 	C:\WINDOWS\WinSxS\amd64_microsoft.windows.common-controls_6595b64144ccf1df_6.0.14393.953_none_42151e83c686086b\COMCTL32.dll
0x00007ffb10b60000 - 0x00007ffb10e28000 	C:\WINDOWS\System32\combase.dll
0x00007ffb0e940000 - 0x00007ffb0ea35000 	C:\WINDOWS\System32\ucrtbase.dll
0x00007ffb0dbe0000 - 0x00007ffb0dc4a000 	C:\WINDOWS\System32\bcryptPrimitives.dll
0x00007ffb10fd0000 - 0x00007ffb10ffe000 	C:\WINDOWS\System32\IMM32.DLL
0x000000006f080000 - 0x000000006f152000 	C:\Program Files\Java\jre1.8.0_121\bin\msvcr100.dll
0x000000006fe80000 - 0x000000007071b000 	C:\Program Files\Java\jre1.8.0_121\bin\server\jvm.dll
0x00007ffb114a0000 - 0x00007ffb114a8000 	C:\WINDOWS\System32\PSAPI.DLL
0x00007ffb0b0b0000 - 0x00007ffb0b0b9000 	C:\WINDOWS\SYSTEM32\WSOCK32.dll
0x00007ffb10860000 - 0x00007ffb108ca000 	C:\WINDOWS\System32\WS2_32.dll
0x00007ffb0bd90000 - 0x00007ffb0bdb3000 	C:\WINDOWS\SYSTEM32\WINMM.dll
0x00007ffb091d0000 - 0x00007ffb091da000 	C:\WINDOWS\SYSTEM32\VERSION.dll
0x00007ffb0bd30000 - 0x00007ffb0bd5b000 	C:\WINDOWS\SYSTEM32\WINMMBASE.dll
0x00007ffb0db90000 - 0x00007ffb0dbd2000 	C:\WINDOWS\System32\cfgmgr32.dll
0x000000006fe70000 - 0x000000006fe7f000 	C:\Program Files\Java\jre1.8.0_121\bin\verify.dll
0x000000006fe40000 - 0x000000006fe69000 	C:\Program Files\Java\jre1.8.0_121\bin\java.dll
0x000000006fe20000 - 0x000000006fe36000 	C:\Program Files\Java\jre1.8.0_121\bin\zip.dll

VM Arguments:
jvm_args: -Dfile.encoding=Cp1252 
java_command: Yu_Gi_Oh
java_class_path (initial): C:\Users\Guita\workspace\Yu-Gi-Oh\bin
Launcher Type: SUN_STANDARD

Environment Variables:
PATH=C:/Program Files/Java/jre1.8.0_121/bin/server;C:/Program Files/Java/jre1.8.0_121/bin;C:/Program Files/Java/jre1.8.0_121/lib/amd64;C:\ProgramData\Oracle\Java\javapath;C:\Program Files (x86)\Intel\iCLS Client\;C:\Program Files\Intel\iCLS Client\;C:\Windows\system32;C:\Windows;C:\Windows\System32\Wbem;C:\Windows\System32\WindowsPowerShell\v1.0\;C:\Program Files (x86)\NVIDIA Corporation\PhysX\Common;C:\Program Files (x86)\Intel\Intel(R) Management Engine Components\DAL;C:\Program Files\Intel\Intel(R) Management Engine Components\DAL;C:\Program Files (x86)\Intel\Intel(R) Management Engine Components\IPT;C:\Program Files\Intel\Intel(R) Management Engine Components\IPT;C:\Program Files\Intel\WiFi\bin\;C:\Program Files\Common Files\Intel\WirelessCommon\;C:\WINDOWS\system32;C:\WINDOWS;C:\WINDOWS\System32\Wbem;C:\WINDOWS\System32\WindowsPowerShell\v1.0\;C:\Program Files (x86)\OpenVPN\bin;C:\Program Files (x86)\Skype\Phone\;C:\Users\Guita\AppData\Local\Microsoft\WindowsApps;;C:\Users\Guita\Desktop;
USERNAME=Guita
OS=Windows_NT
PROCESSOR_IDENTIFIER=Intel64 Family 6 Model 94 Stepping 3, GenuineIntel



---------------  S Y S T E M  ---------------

OS: Windows 10.0 , 64 bit Build 14393 (10.0.14393.0)

CPU:total 8 (4 cores per cpu, 2 threads per core) family 6 model 94 stepping 3, cmov, cx8, fxsr, mmx, sse, sse2, sse3, ssse3, sse4.1, sse4.2, popcnt, avx, avx2, aes, clmul, erms, rtm, 3dnowpref, lzcnt, ht, tsc, tscinvbit, bmi1, bmi2, adx

Memory: 4k page, physical 8258516k(1885568k free), swap 13890516k(5812k free)

vm_info: Java HotSpot(TM) 64-Bit Server VM (25.121-b13) for windows-amd64 JRE (1.8.0_121-b13), built on Dec 12 2016 18:21:36 by "java_re" with MS VC++ 10.0 (VS2010)

time: Thu Mar 23 22:34:59 2017
elapsed time: 0 seconds (0d 0h 0m 0s)

